(0000) 3000  0011000000000000 (   1)                 .ORIG x3000
(3000) 2239  0010001000111001 (   4)                 LD    R1 ARR
(3001) 5020  0101000000100000 (   7)                 AND   R0 R0 #0
(3002) 2038  0010000000111000 (   8)                 LD    R0 N1
(3003) 7040  0111000001000000 (   9)                 STR   R0 R1 #0
(3004) 5020  0101000000100000 (  11)                 AND   R0 R0 #0
(3005) 2036  0010000000110110 (  12)                 LD    R0 N2
(3006) 7041  0111000001000001 (  13)                 STR   R0 R1 #1
(3007) 5020  0101000000100000 (  15)                 AND   R0 R0 #0
(3008) 2034  0010000000110100 (  16)                 LD    R0 N3
(3009) 7042  0111000001000010 (  17)                 STR   R0 R1 #2
(300A) 5020  0101000000100000 (  19)                 AND   R0 R0 #0
(300B) 2032  0010000000110010 (  20)                 LD    R0 N4
(300C) 7043  0111000001000011 (  21)                 STR   R0 R1 #3
(300D) 5020  0101000000100000 (  23)                 AND   R0 R0 #0
(300E) 2030  0010000000110000 (  24)                 LD    R0 N5
(300F) 7044  0111000001000100 (  25)                 STR   R0 R1 #4
(3010) 5020  0101000000100000 (  27)                 AND   R0 R0 #0
(3011) 202E  0010000000101110 (  28)                 LD    R0 N6
(3012) 7045  0111000001000101 (  29)                 STR   R0 R1 #5
(3013) 5020  0101000000100000 (  31)                 AND   R0 R0 #0
(3014) 202C  0010000000101100 (  32)                 LD    R0 N7
(3015) 7046  0111000001000110 (  33)                 STR   R0 R1 #6
(3016) 5020  0101000000100000 (  35)                 AND   R0 R0 #0
(3017) 202A  0010000000101010 (  36)                 LD    R0 N8
(3018) 7047  0111000001000111 (  37)                 STR   R0 R1 #7
(3019) 5920  0101100100100000 (  39)                 AND   R4 R4 #0
(301A) 1921  0001100100100001 (  40)                 ADD   R4 R4 #1
(301B) 5260  0101001001100000 (  43) OLOOP           AND   R1 R1 #0
(301C) 221D  0010001000011101 (  44)                 LD    R1 ARR
(301D) 5FE0  0101111111100000 (  45)                 AND   R7 R7 #0
(301E) 1FF8  0001111111111000 (  46)                 ADD   R7 R7 #-8
(301F) 1F07  0001111100000111 (  47)                 ADD   R7 R4 R7
(3020) 0618  0000011000011000 (  48)                 BRZP  BREAK1
(3021) 1921  0001100100100001 (  50)                 ADD   R4 R4 #1
(3022) 5DA0  0101110110100000 (  51)                 AND   R6 R6 #0
(3023) 1DA1  0001110110100001 (  52)                 ADD   R6 R6 #1
(3024) 5FE0  0101111111100000 (  55) ILOOP           AND   R7 R7 #0
(3025) 1FF8  0001111111111000 (  56)                 ADD   R7 R7 #-8
(3026) 1B87  0001101110000111 (  57)                 ADD   R5 R6 R7
(3027) 07F3  0000011111110011 (  58)                 BRZP  OLOOP
(3028) 9B7F  1001101101111111 (  59)                 NOT   R5 R5
(3029) 1B61  0001101101100001 (  60)                 ADD   R5 R5 #1
(302A) 6440  0110010001000000 (  61)                 LDR   R2 R1 #0
(302B) 6641  0110011001000001 (  62)                 LDR   R3 R1 #1
(302C) 90FF  1001000011111111 (  63)                 NOT   R0 R3
(302D) 1021  0001000000100001 (  64)                 ADD   R0 R0 #1
(302E) 1002  0001000000000010 (  65)                 ADD   R0 R0 R2
(302F) 0803  0000100000000011 (  66)                 BRN   SWAP
(3030) 1261  0001001001100001 (  67)                 ADD   R1 R1 #1
(3031) 1DA1  0001110110100001 (  68)                 ADD   R6 R6 #1
(3032) 0FF1  0000111111110001 (  69)                 BRNZP ILOOP
(3033) 10E0  0001000011100000 (  71) SWAP            ADD   R0 R3 #0
(3034) 7441  0111010001000001 (  72)                 STR   R2 R1 #1
(3035) 7040  0111000001000000 (  73)                 STR   R0 R1 #0
(3036) 1261  0001001001100001 (  74)                 ADD   R1 R1 #1
(3037) 1DA1  0001110110100001 (  75)                 ADD   R6 R6 #1
(3038) 0FEB  0000111111101011 (  76)                 BRNZP ILOOP
(3039) F025  1111000000100101 (  78) BREAK1          TRAP  x25
(303A) 5000  0101000000000000 (  81) ARR             .FILL x5000
(303B) 0004  0000000000000100 (  82) N1              .FILL x0004
(303C) 0009  0000000000001001 (  83) N2              .FILL x0009
(303D) 0002  0000000000000010 (  84) N3              .FILL x0002
(303E) 0050  0000000001010000 (  85) N4              .FILL x0050
(303F) 000B  0000000000001011 (  86) N5              .FILL x000B
(3040) 0007  0000000000000111 (  87) N6              .FILL x0007
(3041) 000C  0000000000001100 (  88) N7              .FILL x000C
(3042) 000F  0000000000001111 (  89) N8              .FILL x000F
