(0000) 3000  0011000000000000 (   9)                 .ORIG x3000
(3000) 221C  0010001000011100 (  10)                 LD    R1 ARR
(3001) E009  1110000000001001 (  14)                 LEA   R0 N1P
(3002) F022  1111000000100010 (  15)                 TRAP  x22
(3003) 4997  0100100110010111 (  16)                 JSR   INPUT1
(3004) A005  1010000000000101 (  17)                 LDI   R0 NUM1_V1
(3005) 7040  0111000001000000 (  18)                 STR   R0 R1 #0
(3006) 1261  0001001001100001 (  19)                 ADD   R1 R1 #1
(3007) 5020  0101000000100000 (  20)                 AND   R0 R0 #0
(3008) 2013  0010000000010011 (  21)                 LD    R0 NL1
(3009) F021  1111000000100001 (  22)                 TRAP  x21
(300A) 3903  0011100100000011 (  25) NUM1_V1         .FILL x3903
(300B) 0045  0000000001000101 (  26) N1P             .FILL x0045
(300C) 006E  0000000001101110 (  26)                 .FILL x006E
(300D) 0074  0000000001110100 (  26)                 .FILL x0074
(300E) 0065  0000000001100101 (  26)                 .FILL x0065
(300F) 0072  0000000001110010 (  26)                 .FILL x0072
(3010) 0020  0000000000100000 (  26)                 .FILL x0020
(3011) 006E  0000000001101110 (  26)                 .FILL x006E
(3012) 0075  0000000001110101 (  26)                 .FILL x0075
(3013) 006D  0000000001101101 (  26)                 .FILL x006D
(3014) 0062  0000000001100010 (  26)                 .FILL x0062
(3015) 0065  0000000001100101 (  26)                 .FILL x0065
(3016) 0072  0000000001110010 (  26)                 .FILL x0072
(3017) 0020  0000000000100000 (  26)                 .FILL x0020
(3018) 0031  0000000000110001 (  26)                 .FILL x0031
(3019) 003A  0000000000111010 (  26)                 .FILL x003A
(301A) 0020  0000000000100000 (  26)                 .FILL x0020
(301B) 0000  0000000000000000 (  26)                 .FILL x0000
(301C) 000A  0000000000001010 (  27) NL1             .FILL x000A
(301D) 3999  0011100110011001 (  28) ARR             .FILL x3999
(301E) E009  1110000000001001 (  34)                 LEA   R0 N2P
(301F) F022  1111000000100010 (  35)                 TRAP  x22
(3020) 49D2  0100100111010010 (  36)                 JSR   INPUT2
(3021) A005  1010000000000101 (  37)                 LDI   R0 NUM2_V1
(3022) 7040  0111000001000000 (  38)                 STR   R0 R1 #0
(3023) 1261  0001001001100001 (  39)                 ADD   R1 R1 #1
(3024) 5020  0101000000100000 (  40)                 AND   R0 R0 #0
(3025) 2013  0010000000010011 (  41)                 LD    R0 NL2
(3026) F021  1111000000100001 (  42)                 TRAP  x21
(3027) 3913  0011100100010011 (  45) NUM2_V1         .FILL x3913
(3028) 0045  0000000001000101 (  46) N2P             .FILL x0045
(3029) 006E  0000000001101110 (  46)                 .FILL x006E
(302A) 0074  0000000001110100 (  46)                 .FILL x0074
(302B) 0065  0000000001100101 (  46)                 .FILL x0065
(302C) 0072  0000000001110010 (  46)                 .FILL x0072
(302D) 0020  0000000000100000 (  46)                 .FILL x0020
(302E) 006E  0000000001101110 (  46)                 .FILL x006E
(302F) 0075  0000000001110101 (  46)                 .FILL x0075
(3030) 006D  0000000001101101 (  46)                 .FILL x006D
(3031) 0062  0000000001100010 (  46)                 .FILL x0062
(3032) 0065  0000000001100101 (  46)                 .FILL x0065
(3033) 0072  0000000001110010 (  46)                 .FILL x0072
(3034) 0020  0000000000100000 (  46)                 .FILL x0020
(3035) 0032  0000000000110010 (  46)                 .FILL x0032
(3036) 003A  0000000000111010 (  46)                 .FILL x003A
(3037) 0020  0000000000100000 (  46)                 .FILL x0020
(3038) 0000  0000000000000000 (  46)                 .FILL x0000
(3039) 000A  0000000000001010 (  47) NL2             .FILL x000A
(303A) E009  1110000000001001 (  53)                 LEA   R0 N3P
(303B) F022  1111000000100010 (  54)                 TRAP  x22
(303C) 4A0F  0100101000001111 (  55)                 JSR   INPUT3
(303D) A005  1010000000000101 (  56)                 LDI   R0 NUM3_V1
(303E) 7040  0111000001000000 (  57)                 STR   R0 R1 #0
(303F) 1261  0001001001100001 (  58)                 ADD   R1 R1 #1
(3040) 5020  0101000000100000 (  59)                 AND   R0 R0 #0
(3041) 2013  0010000000010011 (  60)                 LD    R0 NL3
(3042) F021  1111000000100001 (  61)                 TRAP  x21
(3043) 3923  0011100100100011 (  64) NUM3_V1         .FILL x3923
(3044) 0045  0000000001000101 (  65) N3P             .FILL x0045
(3045) 006E  0000000001101110 (  65)                 .FILL x006E
(3046) 0074  0000000001110100 (  65)                 .FILL x0074
(3047) 0065  0000000001100101 (  65)                 .FILL x0065
(3048) 0072  0000000001110010 (  65)                 .FILL x0072
(3049) 0020  0000000000100000 (  65)                 .FILL x0020
(304A) 006E  0000000001101110 (  65)                 .FILL x006E
(304B) 0075  0000000001110101 (  65)                 .FILL x0075
(304C) 006D  0000000001101101 (  65)                 .FILL x006D
(304D) 0062  0000000001100010 (  65)                 .FILL x0062
(304E) 0065  0000000001100101 (  65)                 .FILL x0065
(304F) 0072  0000000001110010 (  65)                 .FILL x0072
(3050) 0020  0000000000100000 (  65)                 .FILL x0020
(3051) 0033  0000000000110011 (  65)                 .FILL x0033
(3052) 003A  0000000000111010 (  65)                 .FILL x003A
(3053) 0020  0000000000100000 (  65)                 .FILL x0020
(3054) 0000  0000000000000000 (  65)                 .FILL x0000
(3055) 000A  0000000000001010 (  66) NL3             .FILL x000A
(3056) E009  1110000000001001 (  70)                 LEA   R0 N4P
(3057) F022  1111000000100010 (  71)                 TRAP  x22
(3058) 4A4C  0100101001001100 (  72)                 JSR   INPUT4
(3059) A005  1010000000000101 (  73)                 LDI   R0 NUM4_V1
(305A) 7040  0111000001000000 (  74)                 STR   R0 R1 #0
(305B) 1261  0001001001100001 (  75)                 ADD   R1 R1 #1
(305C) 5020  0101000000100000 (  76)                 AND   R0 R0 #0
(305D) 2013  0010000000010011 (  77)                 LD    R0 NL4
(305E) F021  1111000000100001 (  78)                 TRAP  x21
(305F) 3933  0011100100110011 (  81) NUM4_V1         .FILL x3933
(3060) 0045  0000000001000101 (  82) N4P             .FILL x0045
(3061) 006E  0000000001101110 (  82)                 .FILL x006E
(3062) 0074  0000000001110100 (  82)                 .FILL x0074
(3063) 0065  0000000001100101 (  82)                 .FILL x0065
(3064) 0072  0000000001110010 (  82)                 .FILL x0072
(3065) 0020  0000000000100000 (  82)                 .FILL x0020
(3066) 006E  0000000001101110 (  82)                 .FILL x006E
(3067) 0075  0000000001110101 (  82)                 .FILL x0075
(3068) 006D  0000000001101101 (  82)                 .FILL x006D
(3069) 0062  0000000001100010 (  82)                 .FILL x0062
(306A) 0065  0000000001100101 (  82)                 .FILL x0065
(306B) 0072  0000000001110010 (  82)                 .FILL x0072
(306C) 0020  0000000000100000 (  82)                 .FILL x0020
(306D) 0034  0000000000110100 (  82)                 .FILL x0034
(306E) 003A  0000000000111010 (  82)                 .FILL x003A
(306F) 0020  0000000000100000 (  82)                 .FILL x0020
(3070) 0000  0000000000000000 (  82)                 .FILL x0000
(3071) 000A  0000000000001010 (  83) NL4             .FILL x000A
(3072) E009  1110000000001001 (  87)                 LEA   R0 N5P
(3073) F022  1111000000100010 (  88)                 TRAP  x22
(3074) 4A89  0100101010001001 (  89)                 JSR   INPUT5
(3075) A005  1010000000000101 (  90)                 LDI   R0 NUM5_V1
(3076) 7040  0111000001000000 (  91)                 STR   R0 R1 #0
(3077) 1261  0001001001100001 (  92)                 ADD   R1 R1 #1
(3078) 5020  0101000000100000 (  93)                 AND   R0 R0 #0
(3079) 2013  0010000000010011 (  94)                 LD    R0 NL5
(307A) F021  1111000000100001 (  95)                 TRAP  x21
(307B) 3943  0011100101000011 (  98) NUM5_V1         .FILL x3943
(307C) 0045  0000000001000101 (  99) N5P             .FILL x0045
(307D) 006E  0000000001101110 (  99)                 .FILL x006E
(307E) 0074  0000000001110100 (  99)                 .FILL x0074
(307F) 0065  0000000001100101 (  99)                 .FILL x0065
(3080) 0072  0000000001110010 (  99)                 .FILL x0072
(3081) 0020  0000000000100000 (  99)                 .FILL x0020
(3082) 006E  0000000001101110 (  99)                 .FILL x006E
(3083) 0075  0000000001110101 (  99)                 .FILL x0075
(3084) 006D  0000000001101101 (  99)                 .FILL x006D
(3085) 0062  0000000001100010 (  99)                 .FILL x0062
(3086) 0065  0000000001100101 (  99)                 .FILL x0065
(3087) 0072  0000000001110010 (  99)                 .FILL x0072
(3088) 0020  0000000000100000 (  99)                 .FILL x0020
(3089) 0035  0000000000110101 (  99)                 .FILL x0035
(308A) 003A  0000000000111010 (  99)                 .FILL x003A
(308B) 0020  0000000000100000 (  99)                 .FILL x0020
(308C) 0000  0000000000000000 (  99)                 .FILL x0000
(308D) 000A  0000000000001010 ( 100) NL5             .FILL x000A
(308E) E009  1110000000001001 ( 104)                 LEA   R0 N6P
(308F) F022  1111000000100010 ( 105)                 TRAP  x22
(3090) 4AC6  0100101011000110 ( 106)                 JSR   INPUT6
(3091) A005  1010000000000101 ( 107)                 LDI   R0 NUM6_V1
(3092) 7040  0111000001000000 ( 108)                 STR   R0 R1 #0
(3093) 1261  0001001001100001 ( 109)                 ADD   R1 R1 #1
(3094) 5020  0101000000100000 ( 110)                 AND   R0 R0 #0
(3095) 2013  0010000000010011 ( 111)                 LD    R0 NL6
(3096) F021  1111000000100001 ( 112)                 TRAP  x21
(3097) 3953  0011100101010011 ( 115) NUM6_V1         .FILL x3953
(3098) 0045  0000000001000101 ( 116) N6P             .FILL x0045
(3099) 006E  0000000001101110 ( 116)                 .FILL x006E
(309A) 0074  0000000001110100 ( 116)                 .FILL x0074
(309B) 0065  0000000001100101 ( 116)                 .FILL x0065
(309C) 0072  0000000001110010 ( 116)                 .FILL x0072
(309D) 0020  0000000000100000 ( 116)                 .FILL x0020
(309E) 006E  0000000001101110 ( 116)                 .FILL x006E
(309F) 0075  0000000001110101 ( 116)                 .FILL x0075
(30A0) 006D  0000000001101101 ( 116)                 .FILL x006D
(30A1) 0062  0000000001100010 ( 116)                 .FILL x0062
(30A2) 0065  0000000001100101 ( 116)                 .FILL x0065
(30A3) 0072  0000000001110010 ( 116)                 .FILL x0072
(30A4) 0020  0000000000100000 ( 116)                 .FILL x0020
(30A5) 0036  0000000000110110 ( 116)                 .FILL x0036
(30A6) 003A  0000000000111010 ( 116)                 .FILL x003A
(30A7) 0020  0000000000100000 ( 116)                 .FILL x0020
(30A8) 0000  0000000000000000 ( 116)                 .FILL x0000
(30A9) 000A  0000000000001010 ( 117) NL6             .FILL x000A
(30AA) E009  1110000000001001 ( 121)                 LEA   R0 N7P
(30AB) F022  1111000000100010 ( 122)                 TRAP  x22
(30AC) 4B03  0100101100000011 ( 123)                 JSR   INPUT7
(30AD) A005  1010000000000101 ( 124)                 LDI   R0 NUM7_V1
(30AE) 7040  0111000001000000 ( 125)                 STR   R0 R1 #0
(30AF) 1261  0001001001100001 ( 126)                 ADD   R1 R1 #1
(30B0) 5020  0101000000100000 ( 127)                 AND   R0 R0 #0
(30B1) 2013  0010000000010011 ( 128)                 LD    R0 NL7
(30B2) F021  1111000000100001 ( 129)                 TRAP  x21
(30B3) 3963  0011100101100011 ( 132) NUM7_V1         .FILL x3963
(30B4) 0045  0000000001000101 ( 133) N7P             .FILL x0045
(30B5) 006E  0000000001101110 ( 133)                 .FILL x006E
(30B6) 0074  0000000001110100 ( 133)                 .FILL x0074
(30B7) 0065  0000000001100101 ( 133)                 .FILL x0065
(30B8) 0072  0000000001110010 ( 133)                 .FILL x0072
(30B9) 0020  0000000000100000 ( 133)                 .FILL x0020
(30BA) 006E  0000000001101110 ( 133)                 .FILL x006E
(30BB) 0075  0000000001110101 ( 133)                 .FILL x0075
(30BC) 006D  0000000001101101 ( 133)                 .FILL x006D
(30BD) 0062  0000000001100010 ( 133)                 .FILL x0062
(30BE) 0065  0000000001100101 ( 133)                 .FILL x0065
(30BF) 0072  0000000001110010 ( 133)                 .FILL x0072
(30C0) 0020  0000000000100000 ( 133)                 .FILL x0020
(30C1) 0037  0000000000110111 ( 133)                 .FILL x0037
(30C2) 003A  0000000000111010 ( 133)                 .FILL x003A
(30C3) 0020  0000000000100000 ( 133)                 .FILL x0020
(30C4) 0000  0000000000000000 ( 133)                 .FILL x0000
(30C5) 000A  0000000000001010 ( 134) NL7             .FILL x000A
(30C6) E009  1110000000001001 ( 138)                 LEA   R0 N8P
(30C7) F022  1111000000100010 ( 139)                 TRAP  x22
(30C8) 4B40  0100101101000000 ( 140)                 JSR   INPUT8
(30C9) A005  1010000000000101 ( 141)                 LDI   R0 NUM8_V1
(30CA) 7040  0111000001000000 ( 142)                 STR   R0 R1 #0
(30CB) 1261  0001001001100001 ( 143)                 ADD   R1 R1 #1
(30CC) 5020  0101000000100000 ( 144)                 AND   R0 R0 #0
(30CD) 2013  0010000000010011 ( 145)                 LD    R0 NL8
(30CE) F021  1111000000100001 ( 146)                 TRAP  x21
(30CF) 3973  0011100101110011 ( 149) NUM8_V1         .FILL x3973
(30D0) 0045  0000000001000101 ( 150) N8P             .FILL x0045
(30D1) 006E  0000000001101110 ( 150)                 .FILL x006E
(30D2) 0074  0000000001110100 ( 150)                 .FILL x0074
(30D3) 0065  0000000001100101 ( 150)                 .FILL x0065
(30D4) 0072  0000000001110010 ( 150)                 .FILL x0072
(30D5) 0020  0000000000100000 ( 150)                 .FILL x0020
(30D6) 006E  0000000001101110 ( 150)                 .FILL x006E
(30D7) 0075  0000000001110101 ( 150)                 .FILL x0075
(30D8) 006D  0000000001101101 ( 150)                 .FILL x006D
(30D9) 0062  0000000001100010 ( 150)                 .FILL x0062
(30DA) 0065  0000000001100101 ( 150)                 .FILL x0065
(30DB) 0072  0000000001110010 ( 150)                 .FILL x0072
(30DC) 0020  0000000000100000 ( 150)                 .FILL x0020
(30DD) 0038  0000000000111000 ( 150)                 .FILL x0038
(30DE) 003A  0000000000111010 ( 150)                 .FILL x003A
(30DF) 0020  0000000000100000 ( 150)                 .FILL x0020
(30E0) 0000  0000000000000000 ( 150)                 .FILL x0000
(30E1) 000A  0000000000001010 ( 151) NL8             .FILL x000A
(30E2) 5020  0101000000100000 ( 155)                 AND   R0 R0 #0
(30E3) E020  1110000000100000 ( 156)                 LEA   R0 UNARR
(30E4) F022  1111000000100010 ( 157)                 TRAP  x22
(30E5) 5260  0101001001100000 ( 159)                 AND   R1 R1 #0
(30E6) 5020  0101000000100000 ( 160)                 AND   R0 R0 #0
(30E7) 54A0  0101010010100000 ( 161)                 AND   R2 R2 #0
(30E8) 56E0  0101011011100000 ( 162)                 AND   R3 R3 #0
(30E9) 2617  0010011000010111 ( 163)                 LD    R3 ASCII0
(30EA) 2417  0010010000010111 ( 164)                 LD    R2 COUNT1
(30EB) 2214  0010001000010100 ( 165)                 LD    R1 DIGITS
(30EC) 5020  0101000000100000 ( 166) REPEAT          AND   R0 R0 #0
(30ED) 6040  0110000001000000 ( 167)                 LDR   R0 R1 #0
(30EE) 1003  0001000000000011 ( 168)                 ADD   R0 R0 R3
(30EF) F021  1111000000100001 ( 169)                 TRAP  x21
(30F0) 1261  0001001001100001 ( 170)                 ADD   R1 R1 #1
(30F1) 5020  0101000000100000 ( 172)                 AND   R0 R0 #0
(30F2) 6040  0110000001000000 ( 173)                 LDR   R0 R1 #0
(30F3) 1003  0001000000000011 ( 174)                 ADD   R0 R0 R3
(30F4) F021  1111000000100001 ( 175)                 TRAP  x21
(30F5) 1261  0001001001100001 ( 176)                 ADD   R1 R1 #1
(30F6) 5020  0101000000100000 ( 178)                 AND   R0 R0 #0
(30F7) 6040  0110000001000000 ( 179)                 LDR   R0 R1 #0
(30F8) 1003  0001000000000011 ( 180)                 ADD   R0 R0 R3
(30F9) F021  1111000000100001 ( 181)                 TRAP  x21
(30FA) 1261  0001001001100001 ( 182)                 ADD   R1 R1 #1
(30FB) 5020  0101000000100000 ( 184)                 AND   R0 R0 #0
(30FC) 2006  0010000000000110 ( 185)                 LD    R0 NEWLINE
(30FD) F021  1111000000100001 ( 186)                 TRAP  x21
(30FE) 14BF  0001010010111111 ( 188)                 ADD   R2 R2 #-1
(30FF) 03EC  0000001111101100 ( 189)                 BRP   REPEAT
(3100) 3980  0011100110000000 ( 191) DIGITS          .FILL x3980
(3101) 0030  0000000000110000 ( 192) ASCII0          .FILL x0030
(3102) 0008  0000000000001000 ( 193) COUNT1          .FILL x0008
(3103) 000A  0000000000001010 ( 194) NEWLINE         .FILL x000A
(3104) 000A  0000000000001010 ( 195) UNARR           .FILL x000A
(3105) 0054  0000000001010100 ( 195)                 .FILL x0054
(3106) 0068  0000000001101000 ( 195)                 .FILL x0068
(3107) 0065  0000000001100101 ( 195)                 .FILL x0065
(3108) 0020  0000000000100000 ( 195)                 .FILL x0020
(3109) 0055  0000000001010101 ( 195)                 .FILL x0055
(310A) 006E  0000000001101110 ( 195)                 .FILL x006E
(310B) 0073  0000000001110011 ( 195)                 .FILL x0073
(310C) 006F  0000000001101111 ( 195)                 .FILL x006F
(310D) 0072  0000000001110010 ( 195)                 .FILL x0072
(310E) 0074  0000000001110100 ( 195)                 .FILL x0074
(310F) 0065  0000000001100101 ( 195)                 .FILL x0065
(3110) 0064  0000000001100100 ( 195)                 .FILL x0064
(3111) 0020  0000000000100000 ( 195)                 .FILL x0020
(3112) 0041  0000000001000001 ( 195)                 .FILL x0041
(3113) 0072  0000000001110010 ( 195)                 .FILL x0072
(3114) 0072  0000000001110010 ( 195)                 .FILL x0072
(3115) 0061  0000000001100001 ( 195)                 .FILL x0061
(3116) 0079  0000000001111001 ( 195)                 .FILL x0079
(3117) 000A  0000000000001010 ( 195)                 .FILL x000A
(3118) 0000  0000000000000000 ( 195)                 .FILL x0000
(3119) 5920  0101100100100000 ( 200)                 AND   R4 R4 #0
(311A) 1921  0001100100100001 ( 201)                 ADD   R4 R4 #1
(311B) 5260  0101001001100000 ( 204) OLOOP           AND   R1 R1 #0
(311C) 2246  0010001001000110 ( 205)                 LD    R1 ARR9
(311D) 5FE0  0101111111100000 ( 206)                 AND   R7 R7 #0
(311E) 1FF8  0001111111111000 ( 207)                 ADD   R7 R7 #-8
(311F) 1F07  0001111100000111 ( 208)                 ADD   R7 R4 R7
(3120) 0644  0000011001000100 ( 209)                 BRZP  BREAK1
(3121) 1921  0001100100100001 ( 211)                 ADD   R4 R4 #1
(3122) 5DA0  0101110110100000 ( 212)                 AND   R6 R6 #0
(3123) 1DA1  0001110110100001 ( 213)                 ADD   R6 R6 #1
(3124) 5FE0  0101111111100000 ( 216) ILOOP           AND   R7 R7 #0
(3125) 1FF8  0001111111111000 ( 217)                 ADD   R7 R7 #-8
(3126) 1B87  0001101110000111 ( 218)                 ADD   R5 R6 R7
(3127) 07F3  0000011111110011 ( 219)                 BRZP  OLOOP
(3128) 9B7F  1001101101111111 ( 220)                 NOT   R5 R5
(3129) 1B61  0001101101100001 ( 221)                 ADD   R5 R5 #1
(312A) 6440  0110010001000000 ( 222)                 LDR   R2 R1 #0
(312B) 6641  0110011001000001 ( 223)                 LDR   R3 R1 #1
(312C) 90FF  1001000011111111 ( 224)                 NOT   R0 R3
(312D) 1021  0001000000100001 ( 225)                 ADD   R0 R0 #1
(312E) 1002  0001000000000010 ( 226)                 ADD   R0 R0 R2
(312F) 0803  0000100000000011 ( 227)                 BRN   SWAP
(3130) 1261  0001001001100001 ( 228)                 ADD   R1 R1 #1
(3131) 1DA1  0001110110100001 ( 229)                 ADD   R6 R6 #1
(3132) 0FF1  0000111111110001 ( 230)                 BRNZP ILOOP
(3133) 10E0  0001000011100000 ( 232) SWAP            ADD   R0 R3 #0
(3134) 7441  0111010001000001 ( 233)                 STR   R2 R1 #1
(3135) 7040  0111000001000000 ( 234)                 STR   R0 R1 #0
(3136) 5020  0101000000100000 ( 236)                 AND   R0 R0 #0
(3137) 54A0  0101010010100000 ( 237)                 AND   R2 R2 #0
(3138) 5B60  0101101101100000 ( 238)                 AND   R5 R5 #0
(3139) 5FE0  0101111111100000 ( 239)                 AND   R7 R7 #0
(313A) 2029  0010000000101001 ( 240)                 LD    R0 ARR90
(313B) 1006  0001000000000110 ( 241)                 ADD   R0 R0 R6
(313C) 1006  0001000000000110 ( 242)                 ADD   R0 R0 R6
(313D) 1006  0001000000000110 ( 243)                 ADD   R0 R0 R6
(313E) 103D  0001000000111101 ( 244)                 ADD   R0 R0 #-3
(313F) 6200  0110001000000000 ( 245)                 LDR   R1 R0 #0
(3140) 6403  0110010000000011 ( 246)                 LDR   R2 R0 #3
(3141) 1E60  0001111001100000 ( 247)                 ADD   R7 R1 #0
(3142) 7400  0111010000000000 ( 248)                 STR   R2 R0 #0
(3143) 7E03  0111111000000011 ( 249)                 STR   R7 R0 #3
(3144) 5020  0101000000100000 ( 251)                 AND   R0 R0 #0
(3145) 54A0  0101010010100000 ( 252)                 AND   R2 R2 #0
(3146) 5B60  0101101101100000 ( 253)                 AND   R5 R5 #0
(3147) 5FE0  0101111111100000 ( 254)                 AND   R7 R7 #0
(3148) 201B  0010000000011011 ( 255)                 LD    R0 ARR90
(3149) 1006  0001000000000110 ( 256)                 ADD   R0 R0 R6
(314A) 1006  0001000000000110 ( 257)                 ADD   R0 R0 R6
(314B) 1006  0001000000000110 ( 258)                 ADD   R0 R0 R6
(314C) 103D  0001000000111101 ( 259)                 ADD   R0 R0 #-3
(314D) 6201  0110001000000001 ( 260)                 LDR   R1 R0 #1
(314E) 6404  0110010000000100 ( 261)                 LDR   R2 R0 #4
(314F) 1E60  0001111001100000 ( 262)                 ADD   R7 R1 #0
(3150) 7401  0111010000000001 ( 263)                 STR   R2 R0 #1
(3151) 7E04  0111111000000100 ( 264)                 STR   R7 R0 #4
(3152) 5020  0101000000100000 ( 266)                 AND   R0 R0 #0
(3153) 54A0  0101010010100000 ( 267)                 AND   R2 R2 #0
(3154) 5B60  0101101101100000 ( 268)                 AND   R5 R5 #0
(3155) 5FE0  0101111111100000 ( 269)                 AND   R7 R7 #0
(3156) 200D  0010000000001101 ( 270)                 LD    R0 ARR90
(3157) 1006  0001000000000110 ( 271)                 ADD   R0 R0 R6
(3158) 1006  0001000000000110 ( 272)                 ADD   R0 R0 R6
(3159) 1006  0001000000000110 ( 273)                 ADD   R0 R0 R6
(315A) 103D  0001000000111101 ( 274)                 ADD   R0 R0 #-3
(315B) 6202  0110001000000010 ( 275)                 LDR   R1 R0 #2
(315C) 6405  0110010000000101 ( 276)                 LDR   R2 R0 #5
(315D) 1E60  0001111001100000 ( 277)                 ADD   R7 R1 #0
(315E) 7402  0111010000000010 ( 278)                 STR   R2 R0 #2
(315F) 7E05  0111111000000101 ( 279)                 STR   R7 R0 #5
(3160) 1261  0001001001100001 ( 281)                 ADD   R1 R1 #1
(3161) 1DA1  0001110110100001 ( 282)                 ADD   R6 R6 #1
(3162) 0FC1  0000111111000001 ( 283)                 BRNZP ILOOP
(3163) 3999  0011100110011001 ( 286) ARR9            .FILL x3999
(3164) 3980  0011100110000000 ( 287) ARR90           .FILL x3980
(3165) 5020  0101000000100000 ( 290) BREAK1          AND   R0 R0 #0
(3166) E020  1110000000100000 ( 291)                 LEA   R0 UNARR_1
(3167) F022  1111000000100010 ( 292)                 TRAP  x22
(3168) 5260  0101001001100000 ( 294)                 AND   R1 R1 #0
(3169) 5020  0101000000100000 ( 295)                 AND   R0 R0 #0
(316A) 54A0  0101010010100000 ( 296)                 AND   R2 R2 #0
(316B) 56E0  0101011011100000 ( 297)                 AND   R3 R3 #0
(316C) 2617  0010011000010111 ( 298)                 LD    R3 ASCII0_1
(316D) 2417  0010010000010111 ( 299)                 LD    R2 COUNT1_1
(316E) 2214  0010001000010100 ( 300)                 LD    R1 DIGITS_1
(316F) 5020  0101000000100000 ( 301) REPEAT_1        AND   R0 R0 #0
(3170) 6040  0110000001000000 ( 302)                 LDR   R0 R1 #0
(3171) 1003  0001000000000011 ( 303)                 ADD   R0 R0 R3
(3172) F021  1111000000100001 ( 304)                 TRAP  x21
(3173) 1261  0001001001100001 ( 305)                 ADD   R1 R1 #1
(3174) 5020  0101000000100000 ( 307)                 AND   R0 R0 #0
(3175) 6040  0110000001000000 ( 308)                 LDR   R0 R1 #0
(3176) 1003  0001000000000011 ( 309)                 ADD   R0 R0 R3
(3177) F021  1111000000100001 ( 310)                 TRAP  x21
(3178) 1261  0001001001100001 ( 311)                 ADD   R1 R1 #1
(3179) 5020  0101000000100000 ( 313)                 AND   R0 R0 #0
(317A) 6040  0110000001000000 ( 314)                 LDR   R0 R1 #0
(317B) 1003  0001000000000011 ( 315)                 ADD   R0 R0 R3
(317C) F021  1111000000100001 ( 316)                 TRAP  x21
(317D) 1261  0001001001100001 ( 317)                 ADD   R1 R1 #1
(317E) 5020  0101000000100000 ( 319)                 AND   R0 R0 #0
(317F) 2006  0010000000000110 ( 320)                 LD    R0 NEWLINE_1
(3180) F021  1111000000100001 ( 321)                 TRAP  x21
(3181) 14BF  0001010010111111 ( 323)                 ADD   R2 R2 #-1
(3182) 03EC  0000001111101100 ( 324)                 BRP   REPEAT_1
(3183) 3980  0011100110000000 ( 326) DIGITS_1        .FILL x3980
(3184) 0030  0000000000110000 ( 327) ASCII0_1        .FILL x0030
(3185) 0008  0000000000001000 ( 328) COUNT1_1        .FILL x0008
(3186) 000A  0000000000001010 ( 329) NEWLINE_1       .FILL x000A
(3187) 000A  0000000000001010 ( 330) UNARR_1         .FILL x000A
(3188) 0054  0000000001010100 ( 330)                 .FILL x0054
(3189) 0068  0000000001101000 ( 330)                 .FILL x0068
(318A) 0065  0000000001100101 ( 330)                 .FILL x0065
(318B) 0020  0000000000100000 ( 330)                 .FILL x0020
(318C) 0053  0000000001010011 ( 330)                 .FILL x0053
(318D) 006F  0000000001101111 ( 330)                 .FILL x006F
(318E) 0072  0000000001110010 ( 330)                 .FILL x0072
(318F) 0074  0000000001110100 ( 330)                 .FILL x0074
(3190) 0065  0000000001100101 ( 330)                 .FILL x0065
(3191) 0064  0000000001100100 ( 330)                 .FILL x0064
(3192) 0020  0000000000100000 ( 330)                 .FILL x0020
(3193) 0041  0000000001000001 ( 330)                 .FILL x0041
(3194) 0072  0000000001110010 ( 330)                 .FILL x0072
(3195) 0072  0000000001110010 ( 330)                 .FILL x0072
(3196) 0061  0000000001100001 ( 330)                 .FILL x0061
(3197) 0079  0000000001111001 ( 330)                 .FILL x0079
(3198) 000A  0000000000001010 ( 330)                 .FILL x000A
(3199) 0000  0000000000000000 ( 330)                 .FILL x0000
(319A) F025  1111000000100101 ( 332)                 TRAP  x25
(319B) B251  1011001001010001 ( 338) INPUT1          STI   R1 svReg1
(319C) BE51  1011111001010001 ( 339)                 STI   R7 svReg7
(319D) 2251  0010001001010001 ( 340)                 LD    R1 NUM1_A
(319E) 54A0  0101010010100000 ( 341)                 AND   R2 R2 #0
(319F) 2452  0010010001010010 ( 342)                 LD    R2 ASCII1
(31A0) 5920  0101100100100000 ( 343)                 AND   R4 R4 #0
(31A1) 5B60  0101101101100000 ( 344)                 AND   R5 R5 #0
(31A2) F020  1111000000100000 ( 345) LOOP2           TRAP  x20
(31A3) F021  1111000000100001 ( 346)                 TRAP  x21
(31A4) 1836  0001100000110110 ( 347)                 ADD   R4 R0 #-10
(31A5) 040A  0000010000001010 ( 348)                 BRZ   STOP
(31A6) 94BF  1001010010111111 ( 349)                 NOT   R2 R2
(31A7) 14A1  0001010010100001 ( 350)                 ADD   R2 R2 #1
(31A8) 1002  0001000000000010 ( 351)                 ADD   R0 R0 R2
(31A9) 7040  0111000001000000 ( 352)                 STR   R0 R1 #0
(31AA) 1B61  0001101101100001 ( 353)                 ADD   R5 R5 #1
(31AB) 1261  0001001001100001 ( 354)                 ADD   R1 R1 #1
(31AC) 54A0  0101010010100000 ( 355)                 AND   R2 R2 #0
(31AD) 2444  0010010001000100 ( 356)                 LD    R2 ASCII1
(31AE) 1F7D  0001111101111101 ( 357)                 ADD   R7 R5 #-3
(31AF) 09F2  0000100111110010 ( 358)                 BRN   LOOP2
(31B0) 1F7F  0001111101111111 ( 360) STOP            ADD   R7 R5 #-1
(31B1) 0407  0000010000000111 ( 361)                 BRZ   ENT1_1D
(31B2) 1F7E  0001111101111110 ( 362)                 ADD   R7 R5 #-2
(31B3) 0411  0000010000010001 ( 363)                 BRZ   ENT1_2D
(31B4) 1F7D  0001111101111101 ( 364)                 ADD   R7 R5 #-3
(31B5) 0424  0000010000100100 ( 365)                 BRZ   ENT1_3D
(31B6) AE37  1010111000110111 ( 366)                 LDI   R7 svReg7
(31B7) A235  1010001000110101 ( 367)                 LDI   R1 svReg1
(31B8) C1C0  1100000111000000 ( 368)                 RET   
(31B9) 5FE0  0101111111100000 ( 370) ENT1_1D         AND   R7 R7 #0
(31BA) 5020  0101000000100000 ( 371)                 AND   R0 R0 #0
(31BB) 2E33  0010111000110011 ( 372)                 LD    R7 NUM1_A
(31BC) 61C0  0110000111000000 ( 373)                 LDR   R0 R7 #0
(31BD) B032  1011000000110010 ( 374)                 STI   R0 NUM1_V
(31BE) 71C2  0111000111000010 ( 375)                 STR   R0 R7 #2
(31BF) 5020  0101000000100000 ( 376)                 AND   R0 R0 #0
(31C0) 71C0  0111000111000000 ( 377)                 STR   R0 R7 #0
(31C1) 71C1  0111000111000001 ( 378)                 STR   R0 R7 #1
(31C2) AE2B  1010111000101011 ( 379)                 LDI   R7 svReg7
(31C3) A229  1010001000101001 ( 380)                 LDI   R1 svReg1
(31C4) C1C0  1100000111000000 ( 381)                 RET   
(31C5) 5FE0  0101111111100000 ( 383) ENT1_2D         AND   R7 R7 #0
(31C6) 5020  0101000000100000 ( 384)                 AND   R0 R0 #0
(31C7) 5260  0101001001100000 ( 385)                 AND   R1 R1 #0
(31C8) 54A0  0101010010100000 ( 386)                 AND   R2 R2 #0
(31C9) 14A9  0001010010101001 ( 387)                 ADD   R2 R2 #9
(31CA) 2E24  0010111000100100 ( 388)                 LD    R7 NUM1_A
(31CB) 61C0  0110000111000000 ( 389)                 LDR   R0 R7 #0
(31CC) 63C1  0110001111000001 ( 390)                 LDR   R1 R7 #1
(31CD) 1620  0001011000100000 ( 391)                 ADD   R3 R0 #0
(31CE) 1603  0001011000000011 ( 393) MULT1           ADD   R3 R0 R3
(31CF) 14BF  0001010010111111 ( 394)                 ADD   R2 R2 #-1
(31D0) 03FD  0000001111111101 ( 395)                 BRP   MULT1
(31D1) 16C1  0001011011000001 ( 396)                 ADD   R3 R3 R1
(31D2) B61D  1011011000011101 ( 398)                 STI   R3 NUM1_V
(31D3) 73C2  0111001111000010 ( 399)                 STR   R1 R7 #2
(31D4) 71C1  0111000111000001 ( 400)                 STR   R0 R7 #1
(31D5) 5020  0101000000100000 ( 401)                 AND   R0 R0 #0
(31D6) 71C0  0111000111000000 ( 402)                 STR   R0 R7 #0
(31D7) AE16  1010111000010110 ( 403)                 LDI   R7 svReg7
(31D8) A214  1010001000010100 ( 404)                 LDI   R1 svReg1
(31D9) C1C0  1100000111000000 ( 405)                 RET   
(31DA) 5FE0  0101111111100000 ( 407) ENT1_3D         AND   R7 R7 #0
(31DB) 1FEF  0001111111101111 ( 408)                 ADD   R7 R7 #15
(31DC) 1FEF  0001111111101111 ( 409)                 ADD   R7 R7 #15
(31DD) 1FEF  0001111111101111 ( 410)                 ADD   R7 R7 #15
(31DE) 1FEF  0001111111101111 ( 411)                 ADD   R7 R7 #15
(31DF) 1FEF  0001111111101111 ( 412)                 ADD   R7 R7 #15
(31E0) 1FEF  0001111111101111 ( 413)                 ADD   R7 R7 #15
(31E1) 1FEA  0001111111101010 ( 414)                 ADD   R7 R7 #10
(31E2) BE0D  1011111000001101 ( 415)                 STI   R7 NUM1_V
(31E3) 5FE0  0101111111100000 ( 416)                 AND   R7 R7 #0
(31E4) 2E0A  0010111000001010 ( 417)                 LD    R7 NUM1_A
(31E5) 5020  0101000000100000 ( 418)                 AND   R0 R0 #0
(31E6) 71C2  0111000111000010 ( 419)                 STR   R0 R7 #2
(31E7) 71C1  0111000111000001 ( 420)                 STR   R0 R7 #1
(31E8) 1021  0001000000100001 ( 421)                 ADD   R0 R0 #1
(31E9) 71C0  0111000111000000 ( 422)                 STR   R0 R7 #0
(31EA) AE03  1010111000000011 ( 423)                 LDI   R7 svReg7
(31EB) A201  1010001000000001 ( 424)                 LDI   R1 svReg1
(31EC) C1C0  1100000111000000 ( 425)                 RET   
(31ED) 3700  0011011100000000 ( 428) svReg1          .FILL x3700
(31EE) 3701  0011011100000001 ( 429) svReg7          .FILL x3701
(31EF) 3980  0011100110000000 ( 430) NUM1_A          .FILL x3980
(31F0) 3903  0011100100000011 ( 431) NUM1_V          .FILL x3903
(31F1) 3999  0011100110011001 ( 432) ARRAY1          .FILL x3999
(31F2) 0030  0000000000110000 ( 433) ASCII1          .FILL x0030
(31F3) B251  1011001001010001 ( 437) INPUT2          STI   R1 svReg1_2
(31F4) BE51  1011111001010001 ( 438)                 STI   R7 svReg7_2
(31F5) 2251  0010001001010001 ( 439)                 LD    R1 NUM2_A
(31F6) 54A0  0101010010100000 ( 440)                 AND   R2 R2 #0
(31F7) 2453  0010010001010011 ( 441)                 LD    R2 ASCII2
(31F8) 5920  0101100100100000 ( 442)                 AND   R4 R4 #0
(31F9) 5B60  0101101101100000 ( 443)                 AND   R5 R5 #0
(31FA) F020  1111000000100000 ( 444) LOOP3           TRAP  x20
(31FB) F021  1111000000100001 ( 445)                 TRAP  x21
(31FC) 1836  0001100000110110 ( 446)                 ADD   R4 R0 #-10
(31FD) 040A  0000010000001010 ( 447)                 BRZ   STOP2
(31FE) 94BF  1001010010111111 ( 448)                 NOT   R2 R2
(31FF) 14A1  0001010010100001 ( 449)                 ADD   R2 R2 #1
(3200) 1002  0001000000000010 ( 450)                 ADD   R0 R0 R2
(3201) 7040  0111000001000000 ( 451)                 STR   R0 R1 #0
(3202) 1B61  0001101101100001 ( 452)                 ADD   R5 R5 #1
(3203) 1261  0001001001100001 ( 453)                 ADD   R1 R1 #1
(3204) 54A0  0101010010100000 ( 454)                 AND   R2 R2 #0
(3205) 2445  0010010001000101 ( 455)                 LD    R2 ASCII2
(3206) 1F7D  0001111101111101 ( 456)                 ADD   R7 R5 #-3
(3207) 09F2  0000100111110010 ( 457)                 BRN   LOOP3
(3208) 1F7F  0001111101111111 ( 459) STOP2           ADD   R7 R5 #-1
(3209) 0407  0000010000000111 ( 460)                 BRZ   ENT2_1D
(320A) 1F7E  0001111101111110 ( 461)                 ADD   R7 R5 #-2
(320B) 0411  0000010000010001 ( 462)                 BRZ   ENT2_2D
(320C) 1F7D  0001111101111101 ( 463)                 ADD   R7 R5 #-3
(320D) 0424  0000010000100100 ( 464)                 BRZ   ENT2_3D
(320E) AE37  1010111000110111 ( 465)                 LDI   R7 svReg7_2
(320F) A235  1010001000110101 ( 466)                 LDI   R1 svReg1_2
(3210) C1C0  1100000111000000 ( 467)                 RET   
(3211) 5FE0  0101111111100000 ( 469) ENT2_1D         AND   R7 R7 #0
(3212) 5020  0101000000100000 ( 470)                 AND   R0 R0 #0
(3213) 2E33  0010111000110011 ( 471)                 LD    R7 NUM2_A
(3214) 61C0  0110000111000000 ( 472)                 LDR   R0 R7 #0
(3215) B032  1011000000110010 ( 473)                 STI   R0 NUM2_V
(3216) 71C2  0111000111000010 ( 474)                 STR   R0 R7 #2
(3217) 5020  0101000000100000 ( 475)                 AND   R0 R0 #0
(3218) 71C0  0111000111000000 ( 476)                 STR   R0 R7 #0
(3219) 71C1  0111000111000001 ( 477)                 STR   R0 R7 #1
(321A) AE2B  1010111000101011 ( 478)                 LDI   R7 svReg7_2
(321B) A229  1010001000101001 ( 479)                 LDI   R1 svReg1_2
(321C) C1C0  1100000111000000 ( 480)                 RET   
(321D) 5FE0  0101111111100000 ( 482) ENT2_2D         AND   R7 R7 #0
(321E) 5020  0101000000100000 ( 483)                 AND   R0 R0 #0
(321F) 5260  0101001001100000 ( 484)                 AND   R1 R1 #0
(3220) 54A0  0101010010100000 ( 485)                 AND   R2 R2 #0
(3221) 14A9  0001010010101001 ( 486)                 ADD   R2 R2 #9
(3222) 2E24  0010111000100100 ( 487)                 LD    R7 NUM2_A
(3223) 61C0  0110000111000000 ( 488)                 LDR   R0 R7 #0
(3224) 63C1  0110001111000001 ( 489)                 LDR   R1 R7 #1
(3225) 1620  0001011000100000 ( 490)                 ADD   R3 R0 #0
(3226) 1603  0001011000000011 ( 492) MULT2           ADD   R3 R0 R3
(3227) 14BF  0001010010111111 ( 493)                 ADD   R2 R2 #-1
(3228) 03FD  0000001111111101 ( 494)                 BRP   MULT2
(3229) 16C1  0001011011000001 ( 495)                 ADD   R3 R3 R1
(322A) B61D  1011011000011101 ( 497)                 STI   R3 NUM2_V
(322B) 73C2  0111001111000010 ( 498)                 STR   R1 R7 #2
(322C) 71C1  0111000111000001 ( 499)                 STR   R0 R7 #1
(322D) 5020  0101000000100000 ( 500)                 AND   R0 R0 #0
(322E) 71C0  0111000111000000 ( 501)                 STR   R0 R7 #0
(322F) AE16  1010111000010110 ( 502)                 LDI   R7 svReg7_2
(3230) A214  1010001000010100 ( 503)                 LDI   R1 svReg1_2
(3231) C1C0  1100000111000000 ( 504)                 RET   
(3232) 5FE0  0101111111100000 ( 506) ENT2_3D         AND   R7 R7 #0
(3233) 1FEF  0001111111101111 ( 507)                 ADD   R7 R7 #15
(3234) 1FEF  0001111111101111 ( 508)                 ADD   R7 R7 #15
(3235) 1FEF  0001111111101111 ( 509)                 ADD   R7 R7 #15
(3236) 1FEF  0001111111101111 ( 510)                 ADD   R7 R7 #15
(3237) 1FEF  0001111111101111 ( 511)                 ADD   R7 R7 #15
(3238) 1FEF  0001111111101111 ( 512)                 ADD   R7 R7 #15
(3239) 1FEA  0001111111101010 ( 513)                 ADD   R7 R7 #10
(323A) BE0D  1011111000001101 ( 514)                 STI   R7 NUM2_V
(323B) 5FE0  0101111111100000 ( 515)                 AND   R7 R7 #0
(323C) 2E0A  0010111000001010 ( 516)                 LD    R7 NUM2_A
(323D) 5020  0101000000100000 ( 517)                 AND   R0 R0 #0
(323E) 71C2  0111000111000010 ( 518)                 STR   R0 R7 #2
(323F) 71C1  0111000111000001 ( 519)                 STR   R0 R7 #1
(3240) 1021  0001000000100001 ( 520)                 ADD   R0 R0 #1
(3241) 71C0  0111000111000000 ( 521)                 STR   R0 R7 #0
(3242) AE03  1010111000000011 ( 522)                 LDI   R7 svReg7_2
(3243) A201  1010001000000001 ( 523)                 LDI   R1 svReg1_2
(3244) C1C0  1100000111000000 ( 524)                 RET   
(3245) 3702  0011011100000010 ( 527) svReg1_2        .FILL x3702
(3246) 3703  0011011100000011 ( 528) svReg7_2        .FILL x3703
(3247) 3983  0011100110000011 ( 529) NUM2_A          .FILL x3983
(3248) 3913  0011100100010011 ( 530) NUM2_V          .FILL x3913
(3249) 3999  0011100110011001 ( 531) ARRAY2          .FILL x3999
(324A) 000D  0000000000001101 ( 533) ENTER2          .FILL x000D
(324B) 0030  0000000000110000 ( 534) ASCII2          .FILL x0030
(324C) B251  1011001001010001 ( 538) INPUT3          STI   R1 svReg1_3
(324D) BE51  1011111001010001 ( 539)                 STI   R7 svReg7_3
(324E) 2251  0010001001010001 ( 540)                 LD    R1 NUM3_A
(324F) 54A0  0101010010100000 ( 541)                 AND   R2 R2 #0
(3250) 2453  0010010001010011 ( 542)                 LD    R2 ASCII3
(3251) 5920  0101100100100000 ( 543)                 AND   R4 R4 #0
(3252) 5B60  0101101101100000 ( 544)                 AND   R5 R5 #0
(3253) F020  1111000000100000 ( 545) LOOP4           TRAP  x20
(3254) F021  1111000000100001 ( 546)                 TRAP  x21
(3255) 1836  0001100000110110 ( 547)                 ADD   R4 R0 #-10
(3256) 040A  0000010000001010 ( 548)                 BRZ   STOP3
(3257) 94BF  1001010010111111 ( 549)                 NOT   R2 R2
(3258) 14A1  0001010010100001 ( 550)                 ADD   R2 R2 #1
(3259) 1002  0001000000000010 ( 551)                 ADD   R0 R0 R2
(325A) 7040  0111000001000000 ( 552)                 STR   R0 R1 #0
(325B) 1B61  0001101101100001 ( 553)                 ADD   R5 R5 #1
(325C) 1261  0001001001100001 ( 554)                 ADD   R1 R1 #1
(325D) 54A0  0101010010100000 ( 555)                 AND   R2 R2 #0
(325E) 2445  0010010001000101 ( 556)                 LD    R2 ASCII3
(325F) 1F7D  0001111101111101 ( 557)                 ADD   R7 R5 #-3
(3260) 09F2  0000100111110010 ( 558)                 BRN   LOOP4
(3261) 1F7F  0001111101111111 ( 560) STOP3           ADD   R7 R5 #-1
(3262) 0407  0000010000000111 ( 561)                 BRZ   ENT3_1D
(3263) 1F7E  0001111101111110 ( 562)                 ADD   R7 R5 #-2
(3264) 0411  0000010000010001 ( 563)                 BRZ   ENT3_2D
(3265) 1F7D  0001111101111101 ( 564)                 ADD   R7 R5 #-3
(3266) 0424  0000010000100100 ( 565)                 BRZ   ENT3_3D
(3267) AE37  1010111000110111 ( 566)                 LDI   R7 svReg7_3
(3268) A235  1010001000110101 ( 567)                 LDI   R1 svReg1_3
(3269) C1C0  1100000111000000 ( 568)                 RET   
(326A) 5FE0  0101111111100000 ( 570) ENT3_1D         AND   R7 R7 #0
(326B) 5020  0101000000100000 ( 571)                 AND   R0 R0 #0
(326C) 2E33  0010111000110011 ( 572)                 LD    R7 NUM3_A
(326D) 61C0  0110000111000000 ( 573)                 LDR   R0 R7 #0
(326E) B032  1011000000110010 ( 574)                 STI   R0 NUM3_V
(326F) 71C2  0111000111000010 ( 575)                 STR   R0 R7 #2
(3270) 5020  0101000000100000 ( 576)                 AND   R0 R0 #0
(3271) 71C0  0111000111000000 ( 577)                 STR   R0 R7 #0
(3272) 71C1  0111000111000001 ( 578)                 STR   R0 R7 #1
(3273) AE2B  1010111000101011 ( 579)                 LDI   R7 svReg7_3
(3274) A229  1010001000101001 ( 580)                 LDI   R1 svReg1_3
(3275) C1C0  1100000111000000 ( 581)                 RET   
(3276) 5FE0  0101111111100000 ( 583) ENT3_2D         AND   R7 R7 #0
(3277) 5020  0101000000100000 ( 584)                 AND   R0 R0 #0
(3278) 5260  0101001001100000 ( 585)                 AND   R1 R1 #0
(3279) 54A0  0101010010100000 ( 586)                 AND   R2 R2 #0
(327A) 14A9  0001010010101001 ( 587)                 ADD   R2 R2 #9
(327B) 2E24  0010111000100100 ( 588)                 LD    R7 NUM3_A
(327C) 61C0  0110000111000000 ( 589)                 LDR   R0 R7 #0
(327D) 63C1  0110001111000001 ( 590)                 LDR   R1 R7 #1
(327E) 1620  0001011000100000 ( 591)                 ADD   R3 R0 #0
(327F) 1603  0001011000000011 ( 593) MULT3           ADD   R3 R0 R3
(3280) 14BF  0001010010111111 ( 594)                 ADD   R2 R2 #-1
(3281) 03FD  0000001111111101 ( 595)                 BRP   MULT3
(3282) 16C1  0001011011000001 ( 596)                 ADD   R3 R3 R1
(3283) B61D  1011011000011101 ( 598)                 STI   R3 NUM3_V
(3284) 73C2  0111001111000010 ( 599)                 STR   R1 R7 #2
(3285) 71C1  0111000111000001 ( 600)                 STR   R0 R7 #1
(3286) 5020  0101000000100000 ( 601)                 AND   R0 R0 #0
(3287) 71C0  0111000111000000 ( 602)                 STR   R0 R7 #0
(3288) AE16  1010111000010110 ( 603)                 LDI   R7 svReg7_3
(3289) A214  1010001000010100 ( 604)                 LDI   R1 svReg1_3
(328A) C1C0  1100000111000000 ( 605)                 RET   
(328B) 5FE0  0101111111100000 ( 607) ENT3_3D         AND   R7 R7 #0
(328C) 1FEF  0001111111101111 ( 608)                 ADD   R7 R7 #15
(328D) 1FEF  0001111111101111 ( 609)                 ADD   R7 R7 #15
(328E) 1FEF  0001111111101111 ( 610)                 ADD   R7 R7 #15
(328F) 1FEF  0001111111101111 ( 611)                 ADD   R7 R7 #15
(3290) 1FEF  0001111111101111 ( 612)                 ADD   R7 R7 #15
(3291) 1FEF  0001111111101111 ( 613)                 ADD   R7 R7 #15
(3292) 1FEA  0001111111101010 ( 614)                 ADD   R7 R7 #10
(3293) BE0D  1011111000001101 ( 615)                 STI   R7 NUM3_V
(3294) 5FE0  0101111111100000 ( 616)                 AND   R7 R7 #0
(3295) 2E0A  0010111000001010 ( 617)                 LD    R7 NUM3_A
(3296) 5020  0101000000100000 ( 618)                 AND   R0 R0 #0
(3297) 71C2  0111000111000010 ( 619)                 STR   R0 R7 #2
(3298) 71C1  0111000111000001 ( 620)                 STR   R0 R7 #1
(3299) 1021  0001000000100001 ( 621)                 ADD   R0 R0 #1
(329A) 71C0  0111000111000000 ( 622)                 STR   R0 R7 #0
(329B) AE03  1010111000000011 ( 623)                 LDI   R7 svReg7_3
(329C) A201  1010001000000001 ( 624)                 LDI   R1 svReg1_3
(329D) C1C0  1100000111000000 ( 625)                 RET   
(329E) 3704  0011011100000100 ( 628) svReg1_3        .FILL x3704
(329F) 3705  0011011100000101 ( 629) svReg7_3        .FILL x3705
(32A0) 3986  0011100110000110 ( 630) NUM3_A          .FILL x3986
(32A1) 3923  0011100100100011 ( 631) NUM3_V          .FILL x3923
(32A2) 3999  0011100110011001 ( 632) ARRAY3          .FILL x3999
(32A3) 000D  0000000000001101 ( 634) ENTER3          .FILL x000D
(32A4) 0030  0000000000110000 ( 635) ASCII3          .FILL x0030
(32A5) B251  1011001001010001 ( 639) INPUT4          STI   R1 svReg1_4
(32A6) BE51  1011111001010001 ( 640)                 STI   R7 svReg7_4
(32A7) 2251  0010001001010001 ( 641)                 LD    R1 NUM4_A
(32A8) 54A0  0101010010100000 ( 642)                 AND   R2 R2 #0
(32A9) 2453  0010010001010011 ( 643)                 LD    R2 ASCII4
(32AA) 5920  0101100100100000 ( 644)                 AND   R4 R4 #0
(32AB) 5B60  0101101101100000 ( 645)                 AND   R5 R5 #0
(32AC) F020  1111000000100000 ( 646) LOOP5           TRAP  x20
(32AD) F021  1111000000100001 ( 647)                 TRAP  x21
(32AE) 1836  0001100000110110 ( 648)                 ADD   R4 R0 #-10
(32AF) 040A  0000010000001010 ( 649)                 BRZ   STOP4
(32B0) 94BF  1001010010111111 ( 650)                 NOT   R2 R2
(32B1) 14A1  0001010010100001 ( 651)                 ADD   R2 R2 #1
(32B2) 1002  0001000000000010 ( 652)                 ADD   R0 R0 R2
(32B3) 7040  0111000001000000 ( 653)                 STR   R0 R1 #0
(32B4) 1B61  0001101101100001 ( 654)                 ADD   R5 R5 #1
(32B5) 1261  0001001001100001 ( 655)                 ADD   R1 R1 #1
(32B6) 54A0  0101010010100000 ( 656)                 AND   R2 R2 #0
(32B7) 2445  0010010001000101 ( 657)                 LD    R2 ASCII4
(32B8) 1F7D  0001111101111101 ( 658)                 ADD   R7 R5 #-3
(32B9) 09F2  0000100111110010 ( 659)                 BRN   LOOP5
(32BA) 1F7F  0001111101111111 ( 661) STOP4           ADD   R7 R5 #-1
(32BB) 0407  0000010000000111 ( 662)                 BRZ   ENT4_1D
(32BC) 1F7E  0001111101111110 ( 663)                 ADD   R7 R5 #-2
(32BD) 0411  0000010000010001 ( 664)                 BRZ   ENT4_2D
(32BE) 1F7D  0001111101111101 ( 665)                 ADD   R7 R5 #-3
(32BF) 0424  0000010000100100 ( 666)                 BRZ   ENT4_3D
(32C0) AE37  1010111000110111 ( 667)                 LDI   R7 svReg7_4
(32C1) A235  1010001000110101 ( 668)                 LDI   R1 svReg1_4
(32C2) C1C0  1100000111000000 ( 669)                 RET   
(32C3) 5FE0  0101111111100000 ( 671) ENT4_1D         AND   R7 R7 #0
(32C4) 5020  0101000000100000 ( 672)                 AND   R0 R0 #0
(32C5) 2E33  0010111000110011 ( 673)                 LD    R7 NUM4_A
(32C6) 61C0  0110000111000000 ( 674)                 LDR   R0 R7 #0
(32C7) B032  1011000000110010 ( 675)                 STI   R0 NUM4_V
(32C8) 71C2  0111000111000010 ( 676)                 STR   R0 R7 #2
(32C9) 5020  0101000000100000 ( 677)                 AND   R0 R0 #0
(32CA) 71C0  0111000111000000 ( 678)                 STR   R0 R7 #0
(32CB) 71C1  0111000111000001 ( 679)                 STR   R0 R7 #1
(32CC) AE2B  1010111000101011 ( 680)                 LDI   R7 svReg7_4
(32CD) A229  1010001000101001 ( 681)                 LDI   R1 svReg1_4
(32CE) C1C0  1100000111000000 ( 682)                 RET   
(32CF) 5FE0  0101111111100000 ( 684) ENT4_2D         AND   R7 R7 #0
(32D0) 5020  0101000000100000 ( 685)                 AND   R0 R0 #0
(32D1) 5260  0101001001100000 ( 686)                 AND   R1 R1 #0
(32D2) 54A0  0101010010100000 ( 687)                 AND   R2 R2 #0
(32D3) 14A9  0001010010101001 ( 688)                 ADD   R2 R2 #9
(32D4) 2E24  0010111000100100 ( 689)                 LD    R7 NUM4_A
(32D5) 61C0  0110000111000000 ( 690)                 LDR   R0 R7 #0
(32D6) 63C1  0110001111000001 ( 691)                 LDR   R1 R7 #1
(32D7) 1620  0001011000100000 ( 692)                 ADD   R3 R0 #0
(32D8) 1603  0001011000000011 ( 694) MULT4           ADD   R3 R0 R3
(32D9) 14BF  0001010010111111 ( 695)                 ADD   R2 R2 #-1
(32DA) 03FD  0000001111111101 ( 696)                 BRP   MULT4
(32DB) 16C1  0001011011000001 ( 697)                 ADD   R3 R3 R1
(32DC) B61D  1011011000011101 ( 699)                 STI   R3 NUM4_V
(32DD) 73C2  0111001111000010 ( 700)                 STR   R1 R7 #2
(32DE) 71C1  0111000111000001 ( 701)                 STR   R0 R7 #1
(32DF) 5020  0101000000100000 ( 702)                 AND   R0 R0 #0
(32E0) 71C0  0111000111000000 ( 703)                 STR   R0 R7 #0
(32E1) AE16  1010111000010110 ( 704)                 LDI   R7 svReg7_4
(32E2) A214  1010001000010100 ( 705)                 LDI   R1 svReg1_4
(32E3) C1C0  1100000111000000 ( 706)                 RET   
(32E4) 5FE0  0101111111100000 ( 708) ENT4_3D         AND   R7 R7 #0
(32E5) 1FEF  0001111111101111 ( 709)                 ADD   R7 R7 #15
(32E6) 1FEF  0001111111101111 ( 710)                 ADD   R7 R7 #15
(32E7) 1FEF  0001111111101111 ( 711)                 ADD   R7 R7 #15
(32E8) 1FEF  0001111111101111 ( 712)                 ADD   R7 R7 #15
(32E9) 1FEF  0001111111101111 ( 713)                 ADD   R7 R7 #15
(32EA) 1FEF  0001111111101111 ( 714)                 ADD   R7 R7 #15
(32EB) 1FEA  0001111111101010 ( 715)                 ADD   R7 R7 #10
(32EC) BE0D  1011111000001101 ( 716)                 STI   R7 NUM4_V
(32ED) 5FE0  0101111111100000 ( 717)                 AND   R7 R7 #0
(32EE) 2E0A  0010111000001010 ( 718)                 LD    R7 NUM4_A
(32EF) 5020  0101000000100000 ( 719)                 AND   R0 R0 #0
(32F0) 71C2  0111000111000010 ( 720)                 STR   R0 R7 #2
(32F1) 71C1  0111000111000001 ( 721)                 STR   R0 R7 #1
(32F2) 1021  0001000000100001 ( 722)                 ADD   R0 R0 #1
(32F3) 71C0  0111000111000000 ( 723)                 STR   R0 R7 #0
(32F4) AE03  1010111000000011 ( 724)                 LDI   R7 svReg7_4
(32F5) A201  1010001000000001 ( 725)                 LDI   R1 svReg1_4
(32F6) C1C0  1100000111000000 ( 726)                 RET   
(32F7) 3706  0011011100000110 ( 729) svReg1_4        .FILL x3706
(32F8) 3707  0011011100000111 ( 730) svReg7_4        .FILL x3707
(32F9) 3989  0011100110001001 ( 731) NUM4_A          .FILL x3989
(32FA) 3933  0011100100110011 ( 732) NUM4_V          .FILL x3933
(32FB) 3999  0011100110011001 ( 733) ARRAY4          .FILL x3999
(32FC) 000D  0000000000001101 ( 735) ENTER4          .FILL x000D
(32FD) 0030  0000000000110000 ( 736) ASCII4          .FILL x0030
(32FE) B251  1011001001010001 ( 740) INPUT5          STI   R1 svReg1_5
(32FF) BE51  1011111001010001 ( 741)                 STI   R7 svReg7_5
(3300) 2251  0010001001010001 ( 742)                 LD    R1 NUM5_A
(3301) 54A0  0101010010100000 ( 743)                 AND   R2 R2 #0
(3302) 2453  0010010001010011 ( 744)                 LD    R2 ASCII5
(3303) 5920  0101100100100000 ( 745)                 AND   R4 R4 #0
(3304) 5B60  0101101101100000 ( 746)                 AND   R5 R5 #0
(3305) F020  1111000000100000 ( 747) LOOP6           TRAP  x20
(3306) F021  1111000000100001 ( 748)                 TRAP  x21
(3307) 1836  0001100000110110 ( 749)                 ADD   R4 R0 #-10
(3308) 040A  0000010000001010 ( 750)                 BRZ   STOP5
(3309) 94BF  1001010010111111 ( 751)                 NOT   R2 R2
(330A) 14A1  0001010010100001 ( 752)                 ADD   R2 R2 #1
(330B) 1002  0001000000000010 ( 753)                 ADD   R0 R0 R2
(330C) 7040  0111000001000000 ( 754)                 STR   R0 R1 #0
(330D) 1B61  0001101101100001 ( 755)                 ADD   R5 R5 #1
(330E) 1261  0001001001100001 ( 756)                 ADD   R1 R1 #1
(330F) 54A0  0101010010100000 ( 757)                 AND   R2 R2 #0
(3310) 2445  0010010001000101 ( 758)                 LD    R2 ASCII5
(3311) 1F7D  0001111101111101 ( 759)                 ADD   R7 R5 #-3
(3312) 09F2  0000100111110010 ( 760)                 BRN   LOOP6
(3313) 1F7F  0001111101111111 ( 762) STOP5           ADD   R7 R5 #-1
(3314) 0407  0000010000000111 ( 763)                 BRZ   ENT5_1D
(3315) 1F7E  0001111101111110 ( 764)                 ADD   R7 R5 #-2
(3316) 0411  0000010000010001 ( 765)                 BRZ   ENT5_2D
(3317) 1F7D  0001111101111101 ( 766)                 ADD   R7 R5 #-3
(3318) 0424  0000010000100100 ( 767)                 BRZ   ENT5_3D
(3319) AE37  1010111000110111 ( 768)                 LDI   R7 svReg7_5
(331A) A235  1010001000110101 ( 769)                 LDI   R1 svReg1_5
(331B) C1C0  1100000111000000 ( 770)                 RET   
(331C) 5FE0  0101111111100000 ( 772) ENT5_1D         AND   R7 R7 #0
(331D) 5020  0101000000100000 ( 773)                 AND   R0 R0 #0
(331E) 2E33  0010111000110011 ( 774)                 LD    R7 NUM5_A
(331F) 61C0  0110000111000000 ( 775)                 LDR   R0 R7 #0
(3320) B032  1011000000110010 ( 776)                 STI   R0 NUM5_V
(3321) 71C2  0111000111000010 ( 777)                 STR   R0 R7 #2
(3322) 5020  0101000000100000 ( 778)                 AND   R0 R0 #0
(3323) 71C0  0111000111000000 ( 779)                 STR   R0 R7 #0
(3324) 71C1  0111000111000001 ( 780)                 STR   R0 R7 #1
(3325) AE2B  1010111000101011 ( 781)                 LDI   R7 svReg7_5
(3326) A229  1010001000101001 ( 782)                 LDI   R1 svReg1_5
(3327) C1C0  1100000111000000 ( 783)                 RET   
(3328) 5FE0  0101111111100000 ( 785) ENT5_2D         AND   R7 R7 #0
(3329) 5020  0101000000100000 ( 786)                 AND   R0 R0 #0
(332A) 5260  0101001001100000 ( 787)                 AND   R1 R1 #0
(332B) 54A0  0101010010100000 ( 788)                 AND   R2 R2 #0
(332C) 14A9  0001010010101001 ( 789)                 ADD   R2 R2 #9
(332D) 2E24  0010111000100100 ( 790)                 LD    R7 NUM5_A
(332E) 61C0  0110000111000000 ( 791)                 LDR   R0 R7 #0
(332F) 63C1  0110001111000001 ( 792)                 LDR   R1 R7 #1
(3330) 1620  0001011000100000 ( 793)                 ADD   R3 R0 #0
(3331) 1603  0001011000000011 ( 795) MULT5           ADD   R3 R0 R3
(3332) 14BF  0001010010111111 ( 796)                 ADD   R2 R2 #-1
(3333) 03FD  0000001111111101 ( 797)                 BRP   MULT5
(3334) 16C1  0001011011000001 ( 798)                 ADD   R3 R3 R1
(3335) B61D  1011011000011101 ( 800)                 STI   R3 NUM5_V
(3336) 73C2  0111001111000010 ( 801)                 STR   R1 R7 #2
(3337) 71C1  0111000111000001 ( 802)                 STR   R0 R7 #1
(3338) 5020  0101000000100000 ( 803)                 AND   R0 R0 #0
(3339) 71C0  0111000111000000 ( 804)                 STR   R0 R7 #0
(333A) AE16  1010111000010110 ( 805)                 LDI   R7 svReg7_5
(333B) A214  1010001000010100 ( 806)                 LDI   R1 svReg1_5
(333C) C1C0  1100000111000000 ( 807)                 RET   
(333D) 5FE0  0101111111100000 ( 809) ENT5_3D         AND   R7 R7 #0
(333E) 1FEF  0001111111101111 ( 810)                 ADD   R7 R7 #15
(333F) 1FEF  0001111111101111 ( 811)                 ADD   R7 R7 #15
(3340) 1FEF  0001111111101111 ( 812)                 ADD   R7 R7 #15
(3341) 1FEF  0001111111101111 ( 813)                 ADD   R7 R7 #15
(3342) 1FEF  0001111111101111 ( 814)                 ADD   R7 R7 #15
(3343) 1FEF  0001111111101111 ( 815)                 ADD   R7 R7 #15
(3344) 1FEA  0001111111101010 ( 816)                 ADD   R7 R7 #10
(3345) BE0D  1011111000001101 ( 817)                 STI   R7 NUM5_V
(3346) 5FE0  0101111111100000 ( 818)                 AND   R7 R7 #0
(3347) 2E0A  0010111000001010 ( 819)                 LD    R7 NUM5_A
(3348) 5020  0101000000100000 ( 820)                 AND   R0 R0 #0
(3349) 71C2  0111000111000010 ( 821)                 STR   R0 R7 #2
(334A) 71C1  0111000111000001 ( 822)                 STR   R0 R7 #1
(334B) 1021  0001000000100001 ( 823)                 ADD   R0 R0 #1
(334C) 71C0  0111000111000000 ( 824)                 STR   R0 R7 #0
(334D) AE03  1010111000000011 ( 825)                 LDI   R7 svReg7_5
(334E) A201  1010001000000001 ( 826)                 LDI   R1 svReg1_5
(334F) C1C0  1100000111000000 ( 827)                 RET   
(3350) 3708  0011011100001000 ( 830) svReg1_5        .FILL x3708
(3351) 3709  0011011100001001 ( 831) svReg7_5        .FILL x3709
(3352) 398C  0011100110001100 ( 832) NUM5_A          .FILL x398C
(3353) 3943  0011100101000011 ( 833) NUM5_V          .FILL x3943
(3354) 3999  0011100110011001 ( 834) ARRAY5          .FILL x3999
(3355) 000D  0000000000001101 ( 836) ENTER5          .FILL x000D
(3356) 0030  0000000000110000 ( 837) ASCII5          .FILL x0030
(3357) B251  1011001001010001 ( 841) INPUT6          STI   R1 svReg1_6
(3358) BE51  1011111001010001 ( 842)                 STI   R7 svReg7_6
(3359) 2251  0010001001010001 ( 843)                 LD    R1 NUM6_A
(335A) 54A0  0101010010100000 ( 844)                 AND   R2 R2 #0
(335B) 2453  0010010001010011 ( 845)                 LD    R2 ASCII6
(335C) 5920  0101100100100000 ( 846)                 AND   R4 R4 #0
(335D) 5B60  0101101101100000 ( 847)                 AND   R5 R5 #0
(335E) F020  1111000000100000 ( 848) LOOP7           TRAP  x20
(335F) F021  1111000000100001 ( 849)                 TRAP  x21
(3360) 1836  0001100000110110 ( 850)                 ADD   R4 R0 #-10
(3361) 040A  0000010000001010 ( 851)                 BRZ   STOP6
(3362) 94BF  1001010010111111 ( 852)                 NOT   R2 R2
(3363) 14A1  0001010010100001 ( 853)                 ADD   R2 R2 #1
(3364) 1002  0001000000000010 ( 854)                 ADD   R0 R0 R2
(3365) 7040  0111000001000000 ( 855)                 STR   R0 R1 #0
(3366) 1B61  0001101101100001 ( 856)                 ADD   R5 R5 #1
(3367) 1261  0001001001100001 ( 857)                 ADD   R1 R1 #1
(3368) 54A0  0101010010100000 ( 858)                 AND   R2 R2 #0
(3369) 2445  0010010001000101 ( 859)                 LD    R2 ASCII6
(336A) 1F7D  0001111101111101 ( 860)                 ADD   R7 R5 #-3
(336B) 09F2  0000100111110010 ( 861)                 BRN   LOOP7
(336C) 1F7F  0001111101111111 ( 863) STOP6           ADD   R7 R5 #-1
(336D) 0407  0000010000000111 ( 864)                 BRZ   ENT6_1D
(336E) 1F7E  0001111101111110 ( 865)                 ADD   R7 R5 #-2
(336F) 0411  0000010000010001 ( 866)                 BRZ   ENT6_2D
(3370) 1F7D  0001111101111101 ( 867)                 ADD   R7 R5 #-3
(3371) 0424  0000010000100100 ( 868)                 BRZ   ENT6_3D
(3372) AE37  1010111000110111 ( 869)                 LDI   R7 svReg7_6
(3373) A235  1010001000110101 ( 870)                 LDI   R1 svReg1_6
(3374) C1C0  1100000111000000 ( 871)                 RET   
(3375) 5FE0  0101111111100000 ( 873) ENT6_1D         AND   R7 R7 #0
(3376) 5020  0101000000100000 ( 874)                 AND   R0 R0 #0
(3377) 2E33  0010111000110011 ( 875)                 LD    R7 NUM6_A
(3378) 61C0  0110000111000000 ( 876)                 LDR   R0 R7 #0
(3379) B032  1011000000110010 ( 877)                 STI   R0 NUM6_V
(337A) 71C2  0111000111000010 ( 878)                 STR   R0 R7 #2
(337B) 5020  0101000000100000 ( 879)                 AND   R0 R0 #0
(337C) 71C0  0111000111000000 ( 880)                 STR   R0 R7 #0
(337D) 71C1  0111000111000001 ( 881)                 STR   R0 R7 #1
(337E) AE2B  1010111000101011 ( 882)                 LDI   R7 svReg7_6
(337F) A229  1010001000101001 ( 883)                 LDI   R1 svReg1_6
(3380) C1C0  1100000111000000 ( 884)                 RET   
(3381) 5FE0  0101111111100000 ( 886) ENT6_2D         AND   R7 R7 #0
(3382) 5020  0101000000100000 ( 887)                 AND   R0 R0 #0
(3383) 5260  0101001001100000 ( 888)                 AND   R1 R1 #0
(3384) 54A0  0101010010100000 ( 889)                 AND   R2 R2 #0
(3385) 14A9  0001010010101001 ( 890)                 ADD   R2 R2 #9
(3386) 2E24  0010111000100100 ( 891)                 LD    R7 NUM6_A
(3387) 61C0  0110000111000000 ( 892)                 LDR   R0 R7 #0
(3388) 63C1  0110001111000001 ( 893)                 LDR   R1 R7 #1
(3389) 1620  0001011000100000 ( 894)                 ADD   R3 R0 #0
(338A) 1603  0001011000000011 ( 896) MULT6           ADD   R3 R0 R3
(338B) 14BF  0001010010111111 ( 897)                 ADD   R2 R2 #-1
(338C) 03FD  0000001111111101 ( 898)                 BRP   MULT6
(338D) 16C1  0001011011000001 ( 899)                 ADD   R3 R3 R1
(338E) B61D  1011011000011101 ( 901)                 STI   R3 NUM6_V
(338F) 73C2  0111001111000010 ( 902)                 STR   R1 R7 #2
(3390) 71C1  0111000111000001 ( 903)                 STR   R0 R7 #1
(3391) 5020  0101000000100000 ( 904)                 AND   R0 R0 #0
(3392) 71C0  0111000111000000 ( 905)                 STR   R0 R7 #0
(3393) AE16  1010111000010110 ( 906)                 LDI   R7 svReg7_6
(3394) A214  1010001000010100 ( 907)                 LDI   R1 svReg1_6
(3395) C1C0  1100000111000000 ( 908)                 RET   
(3396) 5FE0  0101111111100000 ( 910) ENT6_3D         AND   R7 R7 #0
(3397) 1FEF  0001111111101111 ( 911)                 ADD   R7 R7 #15
(3398) 1FEF  0001111111101111 ( 912)                 ADD   R7 R7 #15
(3399) 1FEF  0001111111101111 ( 913)                 ADD   R7 R7 #15
(339A) 1FEF  0001111111101111 ( 914)                 ADD   R7 R7 #15
(339B) 1FEF  0001111111101111 ( 915)                 ADD   R7 R7 #15
(339C) 1FEF  0001111111101111 ( 916)                 ADD   R7 R7 #15
(339D) 1FEA  0001111111101010 ( 917)                 ADD   R7 R7 #10
(339E) BE0D  1011111000001101 ( 918)                 STI   R7 NUM6_V
(339F) 5FE0  0101111111100000 ( 919)                 AND   R7 R7 #0
(33A0) 2E0A  0010111000001010 ( 920)                 LD    R7 NUM6_A
(33A1) 5020  0101000000100000 ( 921)                 AND   R0 R0 #0
(33A2) 71C2  0111000111000010 ( 922)                 STR   R0 R7 #2
(33A3) 71C1  0111000111000001 ( 923)                 STR   R0 R7 #1
(33A4) 1021  0001000000100001 ( 924)                 ADD   R0 R0 #1
(33A5) 71C0  0111000111000000 ( 925)                 STR   R0 R7 #0
(33A6) AE03  1010111000000011 ( 926)                 LDI   R7 svReg7_6
(33A7) A201  1010001000000001 ( 927)                 LDI   R1 svReg1_6
(33A8) C1C0  1100000111000000 ( 928)                 RET   
(33A9) 370A  0011011100001010 ( 931) svReg1_6        .FILL x370A
(33AA) 370B  0011011100001011 ( 932) svReg7_6        .FILL x370B
(33AB) 398F  0011100110001111 ( 933) NUM6_A          .FILL x398F
(33AC) 3953  0011100101010011 ( 934) NUM6_V          .FILL x3953
(33AD) 3999  0011100110011001 ( 935) ARRAY6          .FILL x3999
(33AE) 000D  0000000000001101 ( 937) ENTER6          .FILL x000D
(33AF) 0030  0000000000110000 ( 938) ASCII6          .FILL x0030
(33B0) B251  1011001001010001 ( 942) INPUT7          STI   R1 svReg1_7
(33B1) BE51  1011111001010001 ( 943)                 STI   R7 svReg7_7
(33B2) 2251  0010001001010001 ( 944)                 LD    R1 NUM7_A
(33B3) 54A0  0101010010100000 ( 945)                 AND   R2 R2 #0
(33B4) 2453  0010010001010011 ( 946)                 LD    R2 ASCII7
(33B5) 5920  0101100100100000 ( 947)                 AND   R4 R4 #0
(33B6) 5B60  0101101101100000 ( 948)                 AND   R5 R5 #0
(33B7) F020  1111000000100000 ( 949) LOOP8           TRAP  x20
(33B8) F021  1111000000100001 ( 950)                 TRAP  x21
(33B9) 1836  0001100000110110 ( 951)                 ADD   R4 R0 #-10
(33BA) 040A  0000010000001010 ( 952)                 BRZ   STOP7
(33BB) 94BF  1001010010111111 ( 953)                 NOT   R2 R2
(33BC) 14A1  0001010010100001 ( 954)                 ADD   R2 R2 #1
(33BD) 1002  0001000000000010 ( 955)                 ADD   R0 R0 R2
(33BE) 7040  0111000001000000 ( 956)                 STR   R0 R1 #0
(33BF) 1B61  0001101101100001 ( 957)                 ADD   R5 R5 #1
(33C0) 1261  0001001001100001 ( 958)                 ADD   R1 R1 #1
(33C1) 54A0  0101010010100000 ( 959)                 AND   R2 R2 #0
(33C2) 2445  0010010001000101 ( 960)                 LD    R2 ASCII7
(33C3) 1F7D  0001111101111101 ( 961)                 ADD   R7 R5 #-3
(33C4) 09F2  0000100111110010 ( 962)                 BRN   LOOP8
(33C5) 1F7F  0001111101111111 ( 964) STOP7           ADD   R7 R5 #-1
(33C6) 0407  0000010000000111 ( 965)                 BRZ   ENT7_1D
(33C7) 1F7E  0001111101111110 ( 966)                 ADD   R7 R5 #-2
(33C8) 0411  0000010000010001 ( 967)                 BRZ   ENT7_2D
(33C9) 1F7D  0001111101111101 ( 968)                 ADD   R7 R5 #-3
(33CA) 0424  0000010000100100 ( 969)                 BRZ   ENT7_3D
(33CB) AE37  1010111000110111 ( 970)                 LDI   R7 svReg7_7
(33CC) A235  1010001000110101 ( 971)                 LDI   R1 svReg1_7
(33CD) C1C0  1100000111000000 ( 972)                 RET   
(33CE) 5FE0  0101111111100000 ( 974) ENT7_1D         AND   R7 R7 #0
(33CF) 5020  0101000000100000 ( 975)                 AND   R0 R0 #0
(33D0) 2E33  0010111000110011 ( 976)                 LD    R7 NUM7_A
(33D1) 61C0  0110000111000000 ( 977)                 LDR   R0 R7 #0
(33D2) B032  1011000000110010 ( 978)                 STI   R0 NUM7_V
(33D3) 71C2  0111000111000010 ( 979)                 STR   R0 R7 #2
(33D4) 5020  0101000000100000 ( 980)                 AND   R0 R0 #0
(33D5) 71C0  0111000111000000 ( 981)                 STR   R0 R7 #0
(33D6) 71C1  0111000111000001 ( 982)                 STR   R0 R7 #1
(33D7) AE2B  1010111000101011 ( 983)                 LDI   R7 svReg7_7
(33D8) A229  1010001000101001 ( 984)                 LDI   R1 svReg1_7
(33D9) C1C0  1100000111000000 ( 985)                 RET   
(33DA) 5FE0  0101111111100000 ( 987) ENT7_2D         AND   R7 R7 #0
(33DB) 5020  0101000000100000 ( 988)                 AND   R0 R0 #0
(33DC) 5260  0101001001100000 ( 989)                 AND   R1 R1 #0
(33DD) 54A0  0101010010100000 ( 990)                 AND   R2 R2 #0
(33DE) 14A9  0001010010101001 ( 991)                 ADD   R2 R2 #9
(33DF) 2E24  0010111000100100 ( 992)                 LD    R7 NUM7_A
(33E0) 61C0  0110000111000000 ( 993)                 LDR   R0 R7 #0
(33E1) 63C1  0110001111000001 ( 994)                 LDR   R1 R7 #1
(33E2) 1620  0001011000100000 ( 995)                 ADD   R3 R0 #0
(33E3) 1603  0001011000000011 ( 997) MULT7           ADD   R3 R0 R3
(33E4) 14BF  0001010010111111 ( 998)                 ADD   R2 R2 #-1
(33E5) 03FD  0000001111111101 ( 999)                 BRP   MULT7
(33E6) 16C1  0001011011000001 (1000)                 ADD   R3 R3 R1
(33E7) B61D  1011011000011101 (1002)                 STI   R3 NUM7_V
(33E8) 73C2  0111001111000010 (1003)                 STR   R1 R7 #2
(33E9) 71C1  0111000111000001 (1004)                 STR   R0 R7 #1
(33EA) 5020  0101000000100000 (1005)                 AND   R0 R0 #0
(33EB) 71C0  0111000111000000 (1006)                 STR   R0 R7 #0
(33EC) AE16  1010111000010110 (1007)                 LDI   R7 svReg7_7
(33ED) A214  1010001000010100 (1008)                 LDI   R1 svReg1_7
(33EE) C1C0  1100000111000000 (1009)                 RET   
(33EF) 5FE0  0101111111100000 (1011) ENT7_3D         AND   R7 R7 #0
(33F0) 1FEF  0001111111101111 (1012)                 ADD   R7 R7 #15
(33F1) 1FEF  0001111111101111 (1013)                 ADD   R7 R7 #15
(33F2) 1FEF  0001111111101111 (1014)                 ADD   R7 R7 #15
(33F3) 1FEF  0001111111101111 (1015)                 ADD   R7 R7 #15
(33F4) 1FEF  0001111111101111 (1016)                 ADD   R7 R7 #15
(33F5) 1FEF  0001111111101111 (1017)                 ADD   R7 R7 #15
(33F6) 1FEA  0001111111101010 (1018)                 ADD   R7 R7 #10
(33F7) BE0D  1011111000001101 (1019)                 STI   R7 NUM7_V
(33F8) 5FE0  0101111111100000 (1020)                 AND   R7 R7 #0
(33F9) 2E0A  0010111000001010 (1021)                 LD    R7 NUM7_A
(33FA) 5020  0101000000100000 (1022)                 AND   R0 R0 #0
(33FB) 71C2  0111000111000010 (1023)                 STR   R0 R7 #2
(33FC) 71C1  0111000111000001 (1024)                 STR   R0 R7 #1
(33FD) 1021  0001000000100001 (1025)                 ADD   R0 R0 #1
(33FE) 71C0  0111000111000000 (1026)                 STR   R0 R7 #0
(33FF) AE03  1010111000000011 (1027)                 LDI   R7 svReg7_7
(3400) A201  1010001000000001 (1028)                 LDI   R1 svReg1_7
(3401) C1C0  1100000111000000 (1029)                 RET   
(3402) 370C  0011011100001100 (1032) svReg1_7        .FILL x370C
(3403) 370D  0011011100001101 (1033) svReg7_7        .FILL x370D
(3404) 3992  0011100110010010 (1034) NUM7_A          .FILL x3992
(3405) 3963  0011100101100011 (1035) NUM7_V          .FILL x3963
(3406) 3999  0011100110011001 (1036) ARRAY7          .FILL x3999
(3407) 000D  0000000000001101 (1038) ENTER7          .FILL x000D
(3408) 0030  0000000000110000 (1039) ASCII7          .FILL x0030
(3409) B251  1011001001010001 (1043) INPUT8          STI   R1 svReg1_8
(340A) BE51  1011111001010001 (1044)                 STI   R7 svReg7_8
(340B) 2251  0010001001010001 (1045)                 LD    R1 NUM8_A
(340C) 54A0  0101010010100000 (1046)                 AND   R2 R2 #0
(340D) 2453  0010010001010011 (1047)                 LD    R2 ASCII8
(340E) 5920  0101100100100000 (1048)                 AND   R4 R4 #0
(340F) 5B60  0101101101100000 (1049)                 AND   R5 R5 #0
(3410) F020  1111000000100000 (1050) LOOP9           TRAP  x20
(3411) F021  1111000000100001 (1051)                 TRAP  x21
(3412) 1836  0001100000110110 (1052)                 ADD   R4 R0 #-10
(3413) 040A  0000010000001010 (1053)                 BRZ   STOP8
(3414) 94BF  1001010010111111 (1054)                 NOT   R2 R2
(3415) 14A1  0001010010100001 (1055)                 ADD   R2 R2 #1
(3416) 1002  0001000000000010 (1056)                 ADD   R0 R0 R2
(3417) 7040  0111000001000000 (1057)                 STR   R0 R1 #0
(3418) 1B61  0001101101100001 (1058)                 ADD   R5 R5 #1
(3419) 1261  0001001001100001 (1059)                 ADD   R1 R1 #1
(341A) 54A0  0101010010100000 (1060)                 AND   R2 R2 #0
(341B) 2445  0010010001000101 (1061)                 LD    R2 ASCII8
(341C) 1F7D  0001111101111101 (1062)                 ADD   R7 R5 #-3
(341D) 09F2  0000100111110010 (1063)                 BRN   LOOP9
(341E) 1F7F  0001111101111111 (1065) STOP8           ADD   R7 R5 #-1
(341F) 0407  0000010000000111 (1066)                 BRZ   ENT8_1D
(3420) 1F7E  0001111101111110 (1067)                 ADD   R7 R5 #-2
(3421) 0411  0000010000010001 (1068)                 BRZ   ENT8_2D
(3422) 1F7D  0001111101111101 (1069)                 ADD   R7 R5 #-3
(3423) 0424  0000010000100100 (1070)                 BRZ   ENT8_3D
(3424) AE37  1010111000110111 (1071)                 LDI   R7 svReg7_8
(3425) A235  1010001000110101 (1072)                 LDI   R1 svReg1_8
(3426) C1C0  1100000111000000 (1073)                 RET   
(3427) 5FE0  0101111111100000 (1075) ENT8_1D         AND   R7 R7 #0
(3428) 5020  0101000000100000 (1076)                 AND   R0 R0 #0
(3429) 2E33  0010111000110011 (1077)                 LD    R7 NUM8_A
(342A) 61C0  0110000111000000 (1078)                 LDR   R0 R7 #0
(342B) B032  1011000000110010 (1079)                 STI   R0 NUM8_V
(342C) 71C2  0111000111000010 (1080)                 STR   R0 R7 #2
(342D) 5020  0101000000100000 (1081)                 AND   R0 R0 #0
(342E) 71C0  0111000111000000 (1082)                 STR   R0 R7 #0
(342F) 71C1  0111000111000001 (1083)                 STR   R0 R7 #1
(3430) AE2B  1010111000101011 (1084)                 LDI   R7 svReg7_8
(3431) A229  1010001000101001 (1085)                 LDI   R1 svReg1_8
(3432) C1C0  1100000111000000 (1086)                 RET   
(3433) 5FE0  0101111111100000 (1088) ENT8_2D         AND   R7 R7 #0
(3434) 5020  0101000000100000 (1089)                 AND   R0 R0 #0
(3435) 5260  0101001001100000 (1090)                 AND   R1 R1 #0
(3436) 54A0  0101010010100000 (1091)                 AND   R2 R2 #0
(3437) 14A9  0001010010101001 (1092)                 ADD   R2 R2 #9
(3438) 2E24  0010111000100100 (1093)                 LD    R7 NUM8_A
(3439) 61C0  0110000111000000 (1094)                 LDR   R0 R7 #0
(343A) 63C1  0110001111000001 (1095)                 LDR   R1 R7 #1
(343B) 1620  0001011000100000 (1096)                 ADD   R3 R0 #0
(343C) 1603  0001011000000011 (1098) MULT8           ADD   R3 R0 R3
(343D) 14BF  0001010010111111 (1099)                 ADD   R2 R2 #-1
(343E) 03FD  0000001111111101 (1100)                 BRP   MULT8
(343F) 16C1  0001011011000001 (1101)                 ADD   R3 R3 R1
(3440) B61D  1011011000011101 (1103)                 STI   R3 NUM8_V
(3441) 73C2  0111001111000010 (1104)                 STR   R1 R7 #2
(3442) 71C1  0111000111000001 (1105)                 STR   R0 R7 #1
(3443) 5020  0101000000100000 (1106)                 AND   R0 R0 #0
(3444) 71C0  0111000111000000 (1107)                 STR   R0 R7 #0
(3445) AE16  1010111000010110 (1108)                 LDI   R7 svReg7_8
(3446) A214  1010001000010100 (1109)                 LDI   R1 svReg1_8
(3447) C1C0  1100000111000000 (1110)                 RET   
(3448) 5FE0  0101111111100000 (1112) ENT8_3D         AND   R7 R7 #0
(3449) 1FEF  0001111111101111 (1113)                 ADD   R7 R7 #15
(344A) 1FEF  0001111111101111 (1114)                 ADD   R7 R7 #15
(344B) 1FEF  0001111111101111 (1115)                 ADD   R7 R7 #15
(344C) 1FEF  0001111111101111 (1116)                 ADD   R7 R7 #15
(344D) 1FEF  0001111111101111 (1117)                 ADD   R7 R7 #15
(344E) 1FEF  0001111111101111 (1118)                 ADD   R7 R7 #15
(344F) 1FEA  0001111111101010 (1119)                 ADD   R7 R7 #10
(3450) BE0D  1011111000001101 (1120)                 STI   R7 NUM8_V
(3451) 5FE0  0101111111100000 (1121)                 AND   R7 R7 #0
(3452) 2E0A  0010111000001010 (1122)                 LD    R7 NUM8_A
(3453) 5020  0101000000100000 (1123)                 AND   R0 R0 #0
(3454) 71C2  0111000111000010 (1124)                 STR   R0 R7 #2
(3455) 71C1  0111000111000001 (1125)                 STR   R0 R7 #1
(3456) 1021  0001000000100001 (1126)                 ADD   R0 R0 #1
(3457) 71C0  0111000111000000 (1127)                 STR   R0 R7 #0
(3458) AE03  1010111000000011 (1128)                 LDI   R7 svReg7_8
(3459) A201  1010001000000001 (1129)                 LDI   R1 svReg1_8
(345A) C1C0  1100000111000000 (1130)                 RET   
(345B) 370E  0011011100001110 (1133) svReg1_8        .FILL x370E
(345C) 370F  0011011100001111 (1134) svReg7_8        .FILL x370F
(345D) 3995  0011100110010101 (1135) NUM8_A          .FILL x3995
(345E) 3973  0011100101110011 (1136) NUM8_V          .FILL x3973
(345F) 3999  0011100110011001 (1137) ARRAY8          .FILL x3999
(3460) 000D  0000000000001101 (1139) ENTER8          .FILL x000D
(3461) 0030  0000000000110000 (1140) ASCII8          .FILL x0030
